<?xml version="1.0" encoding="UTF-8"?>
<!-- Generated by org.testng.reporters.JUnitReportReporter -->
<testsuite hostname="MAA-5CG1033RVY" failures="0" tests="4" name="TestCase.Automobile_Tesla" time="27.302" errors="0" timestamp="2023-10-04T17:36:47 IST" skipped="0">
  <testcase classname="TestCase.Automobile_Tesla" name="ModelS" time="5.099"/>
  <system-out/>
  <testcase classname="TestCase.Automobile_Tesla" name="Model3" time="6.491"/>
  <system-out/>
  <testcase classname="TestCase.Automobile_Tesla" name="ModelX" time="8.583"/>
  <system-out/>
  <testcase classname="TestCase.Automobile_Tesla" name="ModelY" time="7.129"/>
  <system-out/>
</testsuite> <!-- TestCase.Automobile_Tesla -->
