<?xml version="1.0" encoding="UTF-8"?>
<!-- Generated by org.testng.reporters.JUnitReportReporter -->
<testsuite hostname="MAA-5CG1033RVY" failures="0" tests="8" name="TestCase.Basics" time="37.797" errors="0" timestamp="2023-10-04T17:36:47 IST" skipped="0">
  <testcase classname="TestCase.Basics" name="LocateAndClick" time="29.023"/>
  <system-out/>
  <testcase classname="TestCase.Basics" name="DropDown" time="1.619"/>
  <system-out/>
  <testcase classname="TestCase.Basics" name="AlertHandle" time="0.988"/>
  <system-out/>
  <testcase classname="TestCase.Basics" name="RadioButton" time="0.320"/>
  <system-out/>
  <testcase classname="TestCase.Basics" name="checkbox" time="0.908"/>
  <system-out/>
  <testcase classname="TestCase.Basics" name="HandleFrames" time="1.297"/>
  <system-out/>
  <testcase classname="TestCase.Basics" name="DragDrop" time="1.362"/>
  <system-out/>
  <testcase classname="TestCase.Basics" name="HyperLink" time="2.280"/>
  <system-out/>
</testsuite> <!-- TestCase.Basics -->
