<?xml version="1.0" encoding="UTF-8"?>
<!-- Generated by org.testng.reporters.JUnitReportReporter -->
<testsuite hostname="MAA-5CG1033RVY" failures="0" tests="1" name="TestCase.Mobile_Apple" time="6.940" errors="0" timestamp="2023-10-04T17:36:47 IST" skipped="0">
  <testcase classname="TestCase.Mobile_Apple" name="iPhones" time="6.940"/>
  <system-out/>
</testsuite> <!-- TestCase.Mobile_Apple -->
