<?xml version="1.0" encoding="UTF-8"?>
<!-- Generated by org.testng.reporters.JUnitReportReporter -->
<testsuite hostname="MAA-5CG1033RVY" failures="0" tests="2" name="TestCase.Ecommerce_Flipkart" time="4.131" errors="0" timestamp="2023-10-04T17:36:47 IST" skipped="0">
  <testcase classname="TestCase.Ecommerce_Flipkart" name="InvalidFlipkartLogin" time="0.230"/>
  <system-out/>
  <testcase classname="TestCase.Ecommerce_Flipkart" name="FlipkartSellerInfo" time="3.901"/>
  <system-out/>
</testsuite> <!-- TestCase.Ecommerce_Flipkart -->
